[2024-08-22 01:35:08,097] {taskinstance.py:851} INFO - Dependencies all met for <TaskInstance: captors_dag.run_task4 2024-08-22T01:35:03.010973+00:00 [queued]>
[2024-08-22 01:35:08,108] {taskinstance.py:851} INFO - Dependencies all met for <TaskInstance: captors_dag.run_task4 2024-08-22T01:35:03.010973+00:00 [queued]>
[2024-08-22 01:35:08,108] {taskinstance.py:1042} INFO - 
--------------------------------------------------------------------------------
[2024-08-22 01:35:08,109] {taskinstance.py:1043} INFO - Starting attempt 1 of 2
[2024-08-22 01:35:08,109] {taskinstance.py:1044} INFO - 
--------------------------------------------------------------------------------
[2024-08-22 01:35:08,124] {taskinstance.py:1063} INFO - Executing <Task(PythonOperator): run_task4> on 2024-08-22T01:35:03.010973+00:00
[2024-08-22 01:35:08,128] {standard_task_runner.py:52} INFO - Started process 51 to run task
[2024-08-22 01:35:08,132] {standard_task_runner.py:76} INFO - Running: ['airflow', 'tasks', 'run', 'captors_dag', 'run_task4', '2024-08-22T01:35:03.010973+00:00', '--job-id', '5', '--pool', 'default_pool', '--raw', '--subdir', 'DAGS_FOLDER/mod_captors.py', '--cfg-path', '/tmp/tmp4xb2sv2j', '--error-file', '/tmp/tmpyq5rbidn']
[2024-08-22 01:35:08,132] {standard_task_runner.py:77} INFO - Job 5: Subtask run_task4
[2024-08-22 01:35:08,177] {logging_mixin.py:104} INFO - Running <TaskInstance: captors_dag.run_task4 2024-08-22T01:35:03.010973+00:00 [running]> on host 795001e73907
[2024-08-22 01:35:08,218] {taskinstance.py:1257} INFO - Exporting the following env vars:
AIRFLOW_CTX_DAG_OWNER=airflow
AIRFLOW_CTX_DAG_ID=captors_dag
AIRFLOW_CTX_TASK_ID=run_task4
AIRFLOW_CTX_EXECUTION_DATE=2024-08-22T01:35:03.010973+00:00
AIRFLOW_CTX_DAG_RUN_ID=manual__2024-08-22T01:35:03.010973+00:00
[2024-08-22 01:35:08,229] {logging_mixin.py:104} INFO - Fetching data from captors
[2024-08-22 01:35:08,235] {logging_mixin.py:104} INFO - Successfully fetched captors data
[2024-08-22 01:35:08,235] {python.py:118} INFO - Done. Returned value was: None
[2024-08-22 01:35:08,248] {taskinstance.py:1166} INFO - Marking task as SUCCESS. dag_id=captors_dag, task_id=run_task4, execution_date=20240822T013503, start_date=20240822T013508, end_date=20240822T013508
[2024-08-22 01:35:08,274] {taskinstance.py:1220} INFO - 0 downstream tasks scheduled from follow-on schedule check
[2024-08-22 01:35:08,306] {local_task_job.py:146} INFO - Task exited with return code 0
