[2024-08-22 01:48:59,161] {taskinstance.py:851} INFO - Dependencies all met for <TaskInstance: captors_dag.run_task4 2024-08-22T01:48:55.291360+00:00 [queued]>
[2024-08-22 01:48:59,172] {taskinstance.py:851} INFO - Dependencies all met for <TaskInstance: captors_dag.run_task4 2024-08-22T01:48:55.291360+00:00 [queued]>
[2024-08-22 01:48:59,172] {taskinstance.py:1042} INFO - 
--------------------------------------------------------------------------------
[2024-08-22 01:48:59,173] {taskinstance.py:1043} INFO - Starting attempt 1 of 2
[2024-08-22 01:48:59,173] {taskinstance.py:1044} INFO - 
--------------------------------------------------------------------------------
[2024-08-22 01:48:59,189] {taskinstance.py:1063} INFO - Executing <Task(PythonOperator): run_task4> on 2024-08-22T01:48:55.291360+00:00
[2024-08-22 01:48:59,193] {standard_task_runner.py:52} INFO - Started process 49 to run task
[2024-08-22 01:48:59,196] {standard_task_runner.py:76} INFO - Running: ['airflow', 'tasks', 'run', 'captors_dag', 'run_task4', '2024-08-22T01:48:55.291360+00:00', '--job-id', '5', '--pool', 'default_pool', '--raw', '--subdir', 'DAGS_FOLDER/mod_captors.py', '--cfg-path', '/tmp/tmpezcd0jh9', '--error-file', '/tmp/tmpa9mz8csi']
[2024-08-22 01:48:59,197] {standard_task_runner.py:77} INFO - Job 5: Subtask run_task4
[2024-08-22 01:48:59,239] {logging_mixin.py:104} INFO - Running <TaskInstance: captors_dag.run_task4 2024-08-22T01:48:55.291360+00:00 [running]> on host 03d0fb8a5147
[2024-08-22 01:48:59,275] {taskinstance.py:1257} INFO - Exporting the following env vars:
AIRFLOW_CTX_DAG_OWNER=airflow
AIRFLOW_CTX_DAG_ID=captors_dag
AIRFLOW_CTX_TASK_ID=run_task4
AIRFLOW_CTX_EXECUTION_DATE=2024-08-22T01:48:55.291360+00:00
AIRFLOW_CTX_DAG_RUN_ID=manual__2024-08-22T01:48:55.291360+00:00
[2024-08-22 01:48:59,282] {logging_mixin.py:104} INFO - Fetching data from captors
[2024-08-22 01:48:59,287] {logging_mixin.py:104} INFO - Successfully fetched captors data
[2024-08-22 01:48:59,287] {python.py:118} INFO - Done. Returned value was: None
[2024-08-22 01:48:59,299] {taskinstance.py:1166} INFO - Marking task as SUCCESS. dag_id=captors_dag, task_id=run_task4, execution_date=20240822T014855, start_date=20240822T014859, end_date=20240822T014859
[2024-08-22 01:48:59,323] {taskinstance.py:1220} INFO - 0 downstream tasks scheduled from follow-on schedule check
[2024-08-22 01:48:59,330] {local_task_job.py:146} INFO - Task exited with return code 0
