[2024-08-22 01:58:11,024] {taskinstance.py:851} INFO - Dependencies all met for <TaskInstance: captors_dag.run_task4 2024-08-22T01:58:05.254539+00:00 [queued]>
[2024-08-22 01:58:11,041] {taskinstance.py:851} INFO - Dependencies all met for <TaskInstance: captors_dag.run_task4 2024-08-22T01:58:05.254539+00:00 [queued]>
[2024-08-22 01:58:11,042] {taskinstance.py:1042} INFO - 
--------------------------------------------------------------------------------
[2024-08-22 01:58:11,042] {taskinstance.py:1043} INFO - Starting attempt 1 of 2
[2024-08-22 01:58:11,043] {taskinstance.py:1044} INFO - 
--------------------------------------------------------------------------------
[2024-08-22 01:58:11,055] {taskinstance.py:1063} INFO - Executing <Task(PythonOperator): run_task4> on 2024-08-22T01:58:05.254539+00:00
[2024-08-22 01:58:11,059] {standard_task_runner.py:52} INFO - Started process 49 to run task
[2024-08-22 01:58:11,063] {standard_task_runner.py:76} INFO - Running: ['airflow', 'tasks', 'run', 'captors_dag', 'run_task4', '2024-08-22T01:58:05.254539+00:00', '--job-id', '5', '--pool', 'default_pool', '--raw', '--subdir', 'DAGS_FOLDER/mod_captors.py', '--cfg-path', '/tmp/tmpknkf5lev', '--error-file', '/tmp/tmpsmms5nex']
[2024-08-22 01:58:11,064] {standard_task_runner.py:77} INFO - Job 5: Subtask run_task4
[2024-08-22 01:58:11,109] {logging_mixin.py:104} INFO - Running <TaskInstance: captors_dag.run_task4 2024-08-22T01:58:05.254539+00:00 [running]> on host 92cb2d09994b
[2024-08-22 01:58:11,153] {taskinstance.py:1257} INFO - Exporting the following env vars:
AIRFLOW_CTX_DAG_OWNER=airflow
AIRFLOW_CTX_DAG_ID=captors_dag
AIRFLOW_CTX_TASK_ID=run_task4
AIRFLOW_CTX_EXECUTION_DATE=2024-08-22T01:58:05.254539+00:00
AIRFLOW_CTX_DAG_RUN_ID=manual__2024-08-22T01:58:05.254539+00:00
[2024-08-22 01:58:11,154] {logging_mixin.py:104} INFO - Fetching data from captors
[2024-08-22 01:58:11,161] {logging_mixin.py:104} INFO - Successfully fetched captors data
[2024-08-22 01:58:11,162] {python.py:118} INFO - Done. Returned value was: None
[2024-08-22 01:58:11,174] {taskinstance.py:1166} INFO - Marking task as SUCCESS. dag_id=captors_dag, task_id=run_task4, execution_date=20240822T015805, start_date=20240822T015811, end_date=20240822T015811
[2024-08-22 01:58:11,201] {taskinstance.py:1220} INFO - 0 downstream tasks scheduled from follow-on schedule check
[2024-08-22 01:58:11,237] {local_task_job.py:146} INFO - Task exited with return code 0
