[2024-08-22 01:58:06,951] {taskinstance.py:851} INFO - Dependencies all met for <TaskInstance: captors_dag.run_task1 2024-08-22T01:58:05.254539+00:00 [queued]>
[2024-08-22 01:58:06,966] {taskinstance.py:851} INFO - Dependencies all met for <TaskInstance: captors_dag.run_task1 2024-08-22T01:58:05.254539+00:00 [queued]>
[2024-08-22 01:58:06,967] {taskinstance.py:1042} INFO - 
--------------------------------------------------------------------------------
[2024-08-22 01:58:06,967] {taskinstance.py:1043} INFO - Starting attempt 1 of 2
[2024-08-22 01:58:06,967] {taskinstance.py:1044} INFO - 
--------------------------------------------------------------------------------
[2024-08-22 01:58:06,976] {taskinstance.py:1063} INFO - Executing <Task(PythonOperator): run_task1> on 2024-08-22T01:58:05.254539+00:00
[2024-08-22 01:58:06,980] {standard_task_runner.py:52} INFO - Started process 43 to run task
[2024-08-22 01:58:06,986] {standard_task_runner.py:76} INFO - Running: ['airflow', 'tasks', 'run', 'captors_dag', 'run_task1', '2024-08-22T01:58:05.254539+00:00', '--job-id', '2', '--pool', 'default_pool', '--raw', '--subdir', 'DAGS_FOLDER/mod_captors.py', '--cfg-path', '/tmp/tmprbpd47ow', '--error-file', '/tmp/tmpcq247_1a']
[2024-08-22 01:58:06,987] {standard_task_runner.py:77} INFO - Job 2: Subtask run_task1
[2024-08-22 01:58:07,033] {logging_mixin.py:104} INFO - Running <TaskInstance: captors_dag.run_task1 2024-08-22T01:58:05.254539+00:00 [running]> on host 92cb2d09994b
[2024-08-22 01:58:07,071] {taskinstance.py:1257} INFO - Exporting the following env vars:
AIRFLOW_CTX_DAG_OWNER=airflow
AIRFLOW_CTX_DAG_ID=captors_dag
AIRFLOW_CTX_TASK_ID=run_task1
AIRFLOW_CTX_EXECUTION_DATE=2024-08-22T01:58:05.254539+00:00
AIRFLOW_CTX_DAG_RUN_ID=manual__2024-08-22T01:58:05.254539+00:00
[2024-08-22 01:58:07,071] {logging_mixin.py:104} INFO - Fetching data from captors
[2024-08-22 01:58:07,080] {logging_mixin.py:104} INFO - Successfully fetched captors data
[2024-08-22 01:58:07,080] {python.py:118} INFO - Done. Returned value was: None
[2024-08-22 01:58:07,091] {taskinstance.py:1166} INFO - Marking task as SUCCESS. dag_id=captors_dag, task_id=run_task1, execution_date=20240822T015805, start_date=20240822T015806, end_date=20240822T015807
[2024-08-22 01:58:07,120] {taskinstance.py:1220} INFO - 1 downstream tasks scheduled from follow-on schedule check
[2024-08-22 01:58:07,159] {local_task_job.py:146} INFO - Task exited with return code 0
