[2024-08-22 00:26:40,618] {taskinstance.py:851} INFO - Dependencies all met for <TaskInstance: captors_dag.task_2 2024-08-22T00:26:38.070754+00:00 [queued]>
[2024-08-22 00:26:40,632] {taskinstance.py:851} INFO - Dependencies all met for <TaskInstance: captors_dag.task_2 2024-08-22T00:26:38.070754+00:00 [queued]>
[2024-08-22 00:26:40,633] {taskinstance.py:1042} INFO - 
--------------------------------------------------------------------------------
[2024-08-22 00:26:40,633] {taskinstance.py:1043} INFO - Starting attempt 1 of 2
[2024-08-22 00:26:40,634] {taskinstance.py:1044} INFO - 
--------------------------------------------------------------------------------
[2024-08-22 00:26:40,649] {taskinstance.py:1063} INFO - Executing <Task(PythonOperator): task_2> on 2024-08-22T00:26:38.070754+00:00
[2024-08-22 00:26:40,654] {standard_task_runner.py:52} INFO - Started process 49 to run task
[2024-08-22 00:26:40,658] {standard_task_runner.py:76} INFO - Running: ['airflow', 'tasks', 'run', 'captors_dag', 'task_2', '2024-08-22T00:26:38.070754+00:00', '--job-id', '5', '--pool', 'default_pool', '--raw', '--subdir', 'DAGS_FOLDER/mod_captors.py', '--cfg-path', '/tmp/tmpcorohi2y', '--error-file', '/tmp/tmp0l_fe2k_']
[2024-08-22 00:26:40,659] {standard_task_runner.py:77} INFO - Job 5: Subtask task_2
[2024-08-22 00:26:40,709] {logging_mixin.py:104} INFO - Running <TaskInstance: captors_dag.task_2 2024-08-22T00:26:38.070754+00:00 [running]> on host 8ad1f46c07a9
[2024-08-22 00:26:40,751] {taskinstance.py:1257} INFO - Exporting the following env vars:
AIRFLOW_CTX_DAG_OWNER=airflow
AIRFLOW_CTX_DAG_ID=captors_dag
AIRFLOW_CTX_TASK_ID=task_2
AIRFLOW_CTX_EXECUTION_DATE=2024-08-22T00:26:38.070754+00:00
AIRFLOW_CTX_DAG_RUN_ID=manual__2024-08-22T00:26:38.070754+00:00
[2024-08-22 00:26:40,752] {logging_mixin.py:104} INFO - Fetching data from captors
[2024-08-22 00:26:40,759] {logging_mixin.py:104} INFO - Successfully fetched captors data
[2024-08-22 00:26:40,759] {python.py:118} INFO - Done. Returned value was: None
[2024-08-22 00:26:40,771] {taskinstance.py:1166} INFO - Marking task as SUCCESS. dag_id=captors_dag, task_id=task_2, execution_date=20240822T002638, start_date=20240822T002640, end_date=20240822T002640
[2024-08-22 00:26:40,806] {taskinstance.py:1220} INFO - 1 downstream tasks scheduled from follow-on schedule check
[2024-08-22 00:26:40,833] {local_task_job.py:146} INFO - Task exited with return code 0
