[2024-08-21 19:04:45,584] {taskinstance.py:851} INFO - Dependencies all met for <TaskInstance: captors_dag.task_1 2024-08-21T19:04:34.456889+00:00 [None]>
[2024-08-21 19:04:45,599] {taskinstance.py:851} INFO - Dependencies all met for <TaskInstance: captors_dag.task_1 2024-08-21T19:04:34.456889+00:00 [None]>
[2024-08-21 19:04:45,600] {taskinstance.py:1042} INFO - 
--------------------------------------------------------------------------------
[2024-08-21 19:04:45,600] {taskinstance.py:1043} INFO - Starting attempt 1 of 2
[2024-08-21 19:04:45,601] {taskinstance.py:1044} INFO - 
--------------------------------------------------------------------------------
[2024-08-21 19:04:45,611] {taskinstance.py:1063} INFO - Executing <Task(PythonOperator): task_1> on 2024-08-21T19:04:34.456889+00:00
[2024-08-21 19:04:45,616] {standard_task_runner.py:52} INFO - Started process 43 to run task
[2024-08-21 19:04:45,619] {standard_task_runner.py:76} INFO - Running: ['airflow', 'tasks', 'run', 'captors_dag', 'task_1', '2024-08-21T19:04:34.456889+00:00', '--job-id', '2', '--pool', 'default_pool', '--raw', '--subdir', 'DAGS_FOLDER/mod_captors.py', '--cfg-path', '/tmp/tmpl4kb9mkr', '--error-file', '/tmp/tmpkgwnbwq7']
[2024-08-21 19:04:45,620] {standard_task_runner.py:77} INFO - Job 2: Subtask task_1
[2024-08-21 19:04:45,662] {logging_mixin.py:104} INFO - Running <TaskInstance: captors_dag.task_1 2024-08-21T19:04:34.456889+00:00 [running]> on host ad333fe07a6a
[2024-08-21 19:04:45,701] {taskinstance.py:1257} INFO - Exporting the following env vars:
AIRFLOW_CTX_DAG_OWNER=airflow
AIRFLOW_CTX_DAG_ID=captors_dag
AIRFLOW_CTX_TASK_ID=task_1
AIRFLOW_CTX_EXECUTION_DATE=2024-08-21T19:04:34.456889+00:00
[2024-08-21 19:04:45,712] {python.py:118} INFO - Done. Returned value was: None
[2024-08-21 19:04:45,724] {taskinstance.py:1166} INFO - Marking task as SUCCESS. dag_id=captors_dag, task_id=task_1, execution_date=20240821T190434, start_date=20240821T190445, end_date=20240821T190445
[2024-08-21 19:04:45,753] {local_task_job.py:146} INFO - Task exited with return code 1
