[2024-08-21 23:12:56,054] {taskinstance.py:851} INFO - Dependencies all met for <TaskInstance: captors_dag.task_1 2024-08-21T23:12:40.536099+00:00 [None]>
[2024-08-21 23:12:56,077] {taskinstance.py:851} INFO - Dependencies all met for <TaskInstance: captors_dag.task_1 2024-08-21T23:12:40.536099+00:00 [None]>
[2024-08-21 23:12:56,078] {taskinstance.py:1042} INFO - 
--------------------------------------------------------------------------------
[2024-08-21 23:12:56,079] {taskinstance.py:1043} INFO - Starting attempt 1 of 2
[2024-08-21 23:12:56,079] {taskinstance.py:1044} INFO - 
--------------------------------------------------------------------------------
[2024-08-21 23:12:56,103] {taskinstance.py:1063} INFO - Executing <Task(PythonOperator): task_1> on 2024-08-21T23:12:40.536099+00:00
[2024-08-21 23:12:56,109] {standard_task_runner.py:52} INFO - Started process 43 to run task
[2024-08-21 23:12:56,121] {standard_task_runner.py:76} INFO - Running: ['airflow', 'tasks', 'run', 'captors_dag', 'task_1', '2024-08-21T23:12:40.536099+00:00', '--job-id', '2', '--pool', 'default_pool', '--raw', '--subdir', 'DAGS_FOLDER/mod_captors.py', '--cfg-path', '/tmp/tmp9w1o44by', '--error-file', '/tmp/tmpokmt2npi']
[2024-08-21 23:12:56,122] {standard_task_runner.py:77} INFO - Job 2: Subtask task_1
[2024-08-21 23:12:56,195] {logging_mixin.py:104} INFO - Running <TaskInstance: captors_dag.task_1 2024-08-21T23:12:40.536099+00:00 [running]> on host 8ad1f46c07a9
[2024-08-21 23:12:56,283] {taskinstance.py:1257} INFO - Exporting the following env vars:
AIRFLOW_CTX_DAG_OWNER=airflow
AIRFLOW_CTX_DAG_ID=captors_dag
AIRFLOW_CTX_TASK_ID=task_1
AIRFLOW_CTX_EXECUTION_DATE=2024-08-21T23:12:40.536099+00:00
[2024-08-21 23:12:56,284] {logging_mixin.py:104} INFO - Fetching data from captors
[2024-08-21 23:12:56,295] {logging_mixin.py:104} INFO - Successfully fetched captors data
[2024-08-21 23:12:56,295] {python.py:118} INFO - Done. Returned value was: None
[2024-08-21 23:12:56,345] {taskinstance.py:1166} INFO - Marking task as SUCCESS. dag_id=captors_dag, task_id=task_1, execution_date=20240821T231240, start_date=20240821T231256, end_date=20240821T231256
[2024-08-21 23:12:56,458] {local_task_job.py:146} INFO - Task exited with return code 1
