[2024-08-22 00:26:43,049] {taskinstance.py:851} INFO - Dependencies all met for <TaskInstance: captors_dag.task_4 2024-08-22T00:26:38.070754+00:00 [queued]>
[2024-08-22 00:26:43,066] {taskinstance.py:851} INFO - Dependencies all met for <TaskInstance: captors_dag.task_4 2024-08-22T00:26:38.070754+00:00 [queued]>
[2024-08-22 00:26:43,067] {taskinstance.py:1042} INFO - 
--------------------------------------------------------------------------------
[2024-08-22 00:26:43,068] {taskinstance.py:1043} INFO - Starting attempt 1 of 2
[2024-08-22 00:26:43,068] {taskinstance.py:1044} INFO - 
--------------------------------------------------------------------------------
[2024-08-22 00:26:43,087] {taskinstance.py:1063} INFO - Executing <Task(PythonOperator): task_4> on 2024-08-22T00:26:38.070754+00:00
[2024-08-22 00:26:43,093] {standard_task_runner.py:52} INFO - Started process 53 to run task
[2024-08-22 00:26:43,097] {standard_task_runner.py:76} INFO - Running: ['airflow', 'tasks', 'run', 'captors_dag', 'task_4', '2024-08-22T00:26:38.070754+00:00', '--job-id', '7', '--pool', 'default_pool', '--raw', '--subdir', 'DAGS_FOLDER/mod_captors.py', '--cfg-path', '/tmp/tmplwviuqql', '--error-file', '/tmp/tmp3zjw1gwb']
[2024-08-22 00:26:43,098] {standard_task_runner.py:77} INFO - Job 7: Subtask task_4
[2024-08-22 00:26:43,149] {logging_mixin.py:104} INFO - Running <TaskInstance: captors_dag.task_4 2024-08-22T00:26:38.070754+00:00 [running]> on host 8ad1f46c07a9
[2024-08-22 00:26:43,194] {taskinstance.py:1257} INFO - Exporting the following env vars:
AIRFLOW_CTX_DAG_OWNER=airflow
AIRFLOW_CTX_DAG_ID=captors_dag
AIRFLOW_CTX_TASK_ID=task_4
AIRFLOW_CTX_EXECUTION_DATE=2024-08-22T00:26:38.070754+00:00
AIRFLOW_CTX_DAG_RUN_ID=manual__2024-08-22T00:26:38.070754+00:00
[2024-08-22 00:26:43,195] {logging_mixin.py:104} INFO - Fetching data from captors
[2024-08-22 00:26:43,201] {logging_mixin.py:104} INFO - Successfully fetched captors data
[2024-08-22 00:26:43,202] {python.py:118} INFO - Done. Returned value was: None
[2024-08-22 00:26:43,217] {taskinstance.py:1166} INFO - Marking task as SUCCESS. dag_id=captors_dag, task_id=task_4, execution_date=20240822T002638, start_date=20240822T002643, end_date=20240822T002643
[2024-08-22 00:26:43,247] {taskinstance.py:1220} INFO - 0 downstream tasks scheduled from follow-on schedule check
[2024-08-22 00:26:43,271] {local_task_job.py:146} INFO - Task exited with return code 0
