[2024-08-22 00:25:52,598] {taskinstance.py:851} INFO - Dependencies all met for <TaskInstance: captors_dag.task_1 2024-08-22T00:25:38.066603+00:00 [None]>
[2024-08-22 00:25:52,617] {taskinstance.py:851} INFO - Dependencies all met for <TaskInstance: captors_dag.task_1 2024-08-22T00:25:38.066603+00:00 [None]>
[2024-08-22 00:25:52,618] {taskinstance.py:1042} INFO - 
--------------------------------------------------------------------------------
[2024-08-22 00:25:52,619] {taskinstance.py:1043} INFO - Starting attempt 1 of 2
[2024-08-22 00:25:52,619] {taskinstance.py:1044} INFO - 
--------------------------------------------------------------------------------
[2024-08-22 00:25:52,652] {taskinstance.py:1063} INFO - Executing <Task(PythonOperator): task_1> on 2024-08-22T00:25:38.066603+00:00
[2024-08-22 00:25:52,666] {standard_task_runner.py:76} INFO - Running: ['airflow', 'tasks', 'run', 'captors_dag', 'task_1', '2024-08-22T00:25:38.066603+00:00', '--job-id', '3', '--pool', 'default_pool', '--raw', '--subdir', 'DAGS_FOLDER/mod_captors.py', '--cfg-path', '/tmp/tmps4qs5e0l', '--error-file', '/tmp/tmpjcdfrb0q']
[2024-08-22 00:25:52,659] {standard_task_runner.py:52} INFO - Started process 45 to run task
[2024-08-22 00:25:52,667] {standard_task_runner.py:77} INFO - Job 3: Subtask task_1
[2024-08-22 00:25:52,734] {logging_mixin.py:104} INFO - Running <TaskInstance: captors_dag.task_1 2024-08-22T00:25:38.066603+00:00 [running]> on host 8ad1f46c07a9
[2024-08-22 00:25:52,787] {taskinstance.py:1257} INFO - Exporting the following env vars:
AIRFLOW_CTX_DAG_OWNER=airflow
AIRFLOW_CTX_DAG_ID=captors_dag
AIRFLOW_CTX_TASK_ID=task_1
AIRFLOW_CTX_EXECUTION_DATE=2024-08-22T00:25:38.066603+00:00
[2024-08-22 00:25:52,789] {logging_mixin.py:104} INFO - Fetching data from captors
[2024-08-22 00:25:52,797] {logging_mixin.py:104} INFO - Successfully fetched captors data
[2024-08-22 00:25:52,797] {python.py:118} INFO - Done. Returned value was: None
[2024-08-22 00:25:52,811] {taskinstance.py:1166} INFO - Marking task as SUCCESS. dag_id=captors_dag, task_id=task_1, execution_date=20240822T002538, start_date=20240822T002552, end_date=20240822T002552
[2024-08-22 00:25:52,883] {local_task_job.py:146} INFO - Task exited with return code 1
