[2024-08-22 01:48:58,620] {taskinstance.py:851} INFO - Dependencies all met for <TaskInstance: captors_dag.run_task3 2024-08-22T01:48:55.291360+00:00 [queued]>
[2024-08-22 01:48:58,630] {taskinstance.py:851} INFO - Dependencies all met for <TaskInstance: captors_dag.run_task3 2024-08-22T01:48:55.291360+00:00 [queued]>
[2024-08-22 01:48:58,630] {taskinstance.py:1042} INFO - 
--------------------------------------------------------------------------------
[2024-08-22 01:48:58,631] {taskinstance.py:1043} INFO - Starting attempt 1 of 2
[2024-08-22 01:48:58,631] {taskinstance.py:1044} INFO - 
--------------------------------------------------------------------------------
[2024-08-22 01:48:58,645] {taskinstance.py:1063} INFO - Executing <Task(PythonOperator): run_task3> on 2024-08-22T01:48:55.291360+00:00
[2024-08-22 01:48:58,650] {standard_task_runner.py:52} INFO - Started process 47 to run task
[2024-08-22 01:48:58,655] {standard_task_runner.py:76} INFO - Running: ['airflow', 'tasks', 'run', 'captors_dag', 'run_task3', '2024-08-22T01:48:55.291360+00:00', '--job-id', '4', '--pool', 'default_pool', '--raw', '--subdir', 'DAGS_FOLDER/mod_captors.py', '--cfg-path', '/tmp/tmp7bsldfm2', '--error-file', '/tmp/tmpjaeb64uq']
[2024-08-22 01:48:58,656] {standard_task_runner.py:77} INFO - Job 4: Subtask run_task3
[2024-08-22 01:48:58,698] {logging_mixin.py:104} INFO - Running <TaskInstance: captors_dag.run_task3 2024-08-22T01:48:55.291360+00:00 [running]> on host 03d0fb8a5147
[2024-08-22 01:48:58,736] {taskinstance.py:1257} INFO - Exporting the following env vars:
AIRFLOW_CTX_DAG_OWNER=airflow
AIRFLOW_CTX_DAG_ID=captors_dag
AIRFLOW_CTX_TASK_ID=run_task3
AIRFLOW_CTX_EXECUTION_DATE=2024-08-22T01:48:55.291360+00:00
AIRFLOW_CTX_DAG_RUN_ID=manual__2024-08-22T01:48:55.291360+00:00
[2024-08-22 01:48:58,748] {logging_mixin.py:104} INFO - Fetching data from captors
[2024-08-22 01:48:58,753] {logging_mixin.py:104} INFO - Successfully fetched captors data
[2024-08-22 01:48:58,754] {python.py:118} INFO - Done. Returned value was: None
[2024-08-22 01:48:58,765] {taskinstance.py:1166} INFO - Marking task as SUCCESS. dag_id=captors_dag, task_id=run_task3, execution_date=20240822T014855, start_date=20240822T014858, end_date=20240822T014858
[2024-08-22 01:48:58,794] {taskinstance.py:1220} INFO - 1 downstream tasks scheduled from follow-on schedule check
[2024-08-22 01:48:58,829] {local_task_job.py:146} INFO - Task exited with return code 0
