[2024-08-22 01:07:48,510] {taskinstance.py:851} INFO - Dependencies all met for <TaskInstance: captors_dag.run_task_1 2024-08-22T01:07:37.308263+00:00 [None]>
[2024-08-22 01:07:48,529] {taskinstance.py:851} INFO - Dependencies all met for <TaskInstance: captors_dag.run_task_1 2024-08-22T01:07:37.308263+00:00 [None]>
[2024-08-22 01:07:48,530] {taskinstance.py:1042} INFO - 
--------------------------------------------------------------------------------
[2024-08-22 01:07:48,531] {taskinstance.py:1043} INFO - Starting attempt 1 of 2
[2024-08-22 01:07:48,531] {taskinstance.py:1044} INFO - 
--------------------------------------------------------------------------------
[2024-08-22 01:07:48,542] {taskinstance.py:1063} INFO - Executing <Task(PythonOperator): run_task_1> on 2024-08-22T01:07:37.308263+00:00
[2024-08-22 01:07:48,547] {standard_task_runner.py:52} INFO - Started process 43 to run task
[2024-08-22 01:07:48,553] {standard_task_runner.py:76} INFO - Running: ['airflow', 'tasks', 'run', 'captors_dag', 'run_task_1', '2024-08-22T01:07:37.308263+00:00', '--job-id', '2', '--pool', 'default_pool', '--raw', '--subdir', 'DAGS_FOLDER/mod_captors.py', '--cfg-path', '/tmp/tmp77huw6q9', '--error-file', '/tmp/tmpuha5fbq6']
[2024-08-22 01:07:48,556] {standard_task_runner.py:77} INFO - Job 2: Subtask run_task_1
[2024-08-22 01:07:48,613] {logging_mixin.py:104} INFO - Running <TaskInstance: captors_dag.run_task_1 2024-08-22T01:07:37.308263+00:00 [running]> on host 41b501cd1294
[2024-08-22 01:07:48,678] {taskinstance.py:1257} INFO - Exporting the following env vars:
AIRFLOW_CTX_DAG_OWNER=airflow
AIRFLOW_CTX_DAG_ID=captors_dag
AIRFLOW_CTX_TASK_ID=run_task_1
AIRFLOW_CTX_EXECUTION_DATE=2024-08-22T01:07:37.308263+00:00
[2024-08-22 01:07:48,679] {logging_mixin.py:104} INFO - Fetching data from captors
[2024-08-22 01:07:48,690] {logging_mixin.py:104} INFO - Successfully fetched captors data
[2024-08-22 01:07:48,691] {python.py:118} INFO - Done. Returned value was: None
[2024-08-22 01:07:48,711] {taskinstance.py:1166} INFO - Marking task as SUCCESS. dag_id=captors_dag, task_id=run_task_1, execution_date=20240822T010737, start_date=20240822T010748, end_date=20240822T010748
[2024-08-22 01:07:48,769] {local_task_job.py:146} INFO - Task exited with return code 1
